<?xml version="1.0" encoding="UTF-8"?>
<!-- Generated by org.testng.reporters.JUnitReportReporter -->
<testsuite hostname="Subhash-PC" failures="0" tests="4" name="TestRunner.Run" time="15.293" errors="0" timestamp="2023-05-14T16:07:19 IST" skipped="0">
  <testcase classname="TestRunner.Run" name="runScenario" time="5.018"/>
  <system-out/>
  <testcase classname="TestRunner.Run" name="runScenario" time="3.713"/>
  <system-out/>
  <testcase classname="TestRunner.Run" name="runScenario" time="3.608"/>
  <system-out/>
  <testcase classname="TestRunner.Run" name="runScenario" time="2.954"/>
  <system-out/>
</testsuite> <!-- TestRunner.Run -->
